{"/home/mattb/projects/dashboard_interface_project/src/components/skeletons/ChartSkeleton.tsx": {"path":"/home/mattb/projects/dashboard_interface_project/src/components/skeletons/ChartSkeleton.tsx","statementMap":{"0":{"start":{"line":6,"column":26},"end":{"line":6,"column":null}},"1":{"start":{"line":21,"column":2},"end":{"line":57,"column":null}},"2":{"start":{"line":34,"column":12},"end":{"line":41,"column":null}},"3":{"start":{"line":50,"column":12},"end":{"line":53,"column":null}},"4":{"start":{"line":62,"column":2},"end":{"line":71,"column":null}},"5":{"start":{"line":76,"column":28},"end":{"line":79,"column":null}},"6":{"start":{"line":82,"column":2},"end":{"line":122,"column":null}},"7":{"start":{"line":97,"column":12},"end":{"line":110,"column":null}},"8":{"start":{"line":100,"column":27},"end":{"line":100,"column":null}},"9":{"start":{"line":101,"column":26},"end":{"line":101,"column":null}},"10":{"start":{"line":102,"column":16},"end":{"line":102,"column":null}},"11":{"start":{"line":116,"column":10},"end":{"line":119,"column":null}}},"fnMap":{"0":{"name":"ChartSkeleton","decl":{"start":{"line":15,"column":16},"end":{"line":15,"column":30}},"loc":{"start":{"line":20,"column":23},"end":{"line":59,"column":null}},"line":20},"1":{"name":"(anonymous_1)","decl":{"start":{"line":33,"column":41},"end":{"line":33,"column":42}},"loc":{"start":{"line":34,"column":12},"end":{"line":41,"column":null}},"line":34},"2":{"name":"(anonymous_2)","decl":{"start":{"line":49,"column":41},"end":{"line":49,"column":42}},"loc":{"start":{"line":50,"column":12},"end":{"line":53,"column":null}},"line":50},"3":{"name":"ChartCardSkeleton","decl":{"start":{"line":61,"column":16},"end":{"line":61,"column":34}},"loc":{"start":{"line":61,"column":73},"end":{"line":73,"column":null}},"line":61},"4":{"name":"LineChartSkeleton","decl":{"start":{"line":81,"column":16},"end":{"line":81,"column":34}},"loc":{"start":{"line":81,"column":73},"end":{"line":124,"column":null}},"line":81},"5":{"name":"(anonymous_5)","decl":{"start":{"line":96,"column":41},"end":{"line":96,"column":42}},"loc":{"start":{"line":97,"column":12},"end":{"line":110,"column":null}},"line":97},"6":{"name":"(anonymous_6)","decl":{"start":{"line":99,"column":49},"end":{"line":99,"column":50}},"loc":{"start":{"line":99,"column":59},"end":{"line":103,"column":15}},"line":99},"7":{"name":"(anonymous_7)","decl":{"start":{"line":115,"column":39},"end":{"line":115,"column":40}},"loc":{"start":{"line":116,"column":10},"end":{"line":119,"column":null}},"line":116}},"branchMap":{"0":{"loc":{"start":{"line":17,"column":2},"end":{"line":17,"column":null}},"type":"default-arg","locations":[{"start":{"line":17,"column":15},"end":{"line":17,"column":null}}],"line":17},"1":{"loc":{"start":{"line":18,"column":2},"end":{"line":18,"column":null}},"type":"default-arg","locations":[{"start":{"line":18,"column":14},"end":{"line":18,"column":null}}],"line":18},"2":{"loc":{"start":{"line":19,"column":2},"end":{"line":19,"column":null}},"type":"default-arg","locations":[{"start":{"line":19,"column":11},"end":{"line":19,"column":null}}],"line":19},"3":{"loc":{"start":{"line":24,"column":7},"end":{"line":24,"column":null}},"type":"binary-expr","locations":[{"start":{"line":24,"column":7},"end":{"line":24,"column":20}},{"start":{"line":24,"column":20},"end":{"line":24,"column":null}}],"line":24},"4":{"loc":{"start":{"line":47,"column":7},"end":{"line":55,"column":null}},"type":"binary-expr","locations":[{"start":{"line":47,"column":7},"end":{"line":47,"column":null}},{"start":{"line":48,"column":8},"end":{"line":55,"column":null}}],"line":47}},"s":{"0":6,"1":12,"2":96,"3":44,"4":3,"5":6,"6":5,"7":10,"8":100,"9":100,"10":100,"11":15},"f":{"0":12,"1":96,"2":44,"3":3,"4":5,"5":10,"6":100,"7":15},"b":{"0":[12],"1":[12],"2":[12],"3":[12,8],"4":[12,11]},"meta":{"lastBranch":5,"lastFunction":8,"lastStatement":12,"seen":{"s:6:26:6:Infinity":0,"f:15:16:15:30":0,"b:17:15:17:Infinity":0,"b:18:14:18:Infinity":1,"b:19:11:19:Infinity":2,"s:21:2:57:Infinity":1,"b:24:7:24:20:24:20:24:Infinity":3,"f:33:41:33:42":1,"s:34:12:41:Infinity":2,"b:47:7:47:Infinity:48:8:55:Infinity":4,"f:49:41:49:42":2,"s:50:12:53:Infinity":3,"f:61:16:61:34":3,"s:62:2:71:Infinity":4,"s:76:28:79:Infinity":5,"f:81:16:81:34":4,"s:82:2:122:Infinity":6,"f:96:41:96:42":5,"s:97:12:110:Infinity":7,"f:99:49:99:50":6,"s:100:27:100:Infinity":8,"s:101:26:101:Infinity":9,"s:102:16:102:Infinity":10,"f:115:39:115:40":7,"s:116:10:119:Infinity":11}}}
,"/home/mattb/projects/dashboard_interface_project/src/components/skeletons/DealCardSkeleton.tsx": {"path":"/home/mattb/projects/dashboard_interface_project/src/components/skeletons/DealCardSkeleton.tsx","statementMap":{"0":{"start":{"line":10,"column":2},"end":{"line":58,"column":null}},"1":{"start":{"line":71,"column":2},"end":{"line":76,"column":null}},"2":{"start":{"line":74,"column":8},"end":{"line":74,"column":null}},"3":{"start":{"line":81,"column":26},"end":{"line":81,"column":null}},"4":{"start":{"line":84,"column":17},"end":{"line":84,"column":null}},"5":{"start":{"line":86,"column":2},"end":{"line":111,"column":null}},"6":{"start":{"line":89,"column":8},"end":{"line":109,"column":null}},"7":{"start":{"line":99,"column":14},"end":{"line":106,"column":null}}},"fnMap":{"0":{"name":"DealCardSkeleton","decl":{"start":{"line":9,"column":16},"end":{"line":9,"column":33}},"loc":{"start":{"line":9,"column":71},"end":{"line":60,"column":null}},"line":9},"1":{"name":"DealCardSkeletonList","decl":{"start":{"line":67,"column":16},"end":{"line":67,"column":37}},"loc":{"start":{"line":70,"column":30},"end":{"line":78,"column":null}},"line":70},"2":{"name":"(anonymous_2)","decl":{"start":{"line":73,"column":41},"end":{"line":73,"column":42}},"loc":{"start":{"line":74,"column":8},"end":{"line":74,"column":null}},"line":74},"3":{"name":"DealPipelineSkeleton","decl":{"start":{"line":83,"column":16},"end":{"line":83,"column":37}},"loc":{"start":{"line":83,"column":76},"end":{"line":113,"column":null}},"line":83},"4":{"name":"(anonymous_4)","decl":{"start":{"line":88,"column":18},"end":{"line":88,"column":19}},"loc":{"start":{"line":89,"column":8},"end":{"line":109,"column":null}},"line":89},"5":{"name":"(anonymous_5)","decl":{"start":{"line":98,"column":62},"end":{"line":98,"column":63}},"loc":{"start":{"line":99,"column":14},"end":{"line":106,"column":null}},"line":99}},"branchMap":{"0":{"loc":{"start":{"line":68,"column":2},"end":{"line":68,"column":null}},"type":"default-arg","locations":[{"start":{"line":68,"column":10},"end":{"line":68,"column":null}}],"line":68}},"s":{"0":20,"1":4,"2":14,"3":6,"4":5,"5":5,"6":20,"7":40},"f":{"0":20,"1":4,"2":14,"3":5,"4":20,"5":40},"b":{"0":[4]},"meta":{"lastBranch":1,"lastFunction":6,"lastStatement":8,"seen":{"f:9:16:9:33":0,"s:10:2:58:Infinity":0,"f:67:16:67:37":1,"b:68:10:68:Infinity":0,"s:71:2:76:Infinity":1,"f:73:41:73:42":2,"s:74:8:74:Infinity":2,"s:81:26:81:Infinity":3,"f:83:16:83:37":3,"s:84:17:84:Infinity":4,"s:86:2:111:Infinity":5,"f:88:18:88:19":4,"s:89:8:109:Infinity":6,"f:98:62:98:63":5,"s:99:14:106:Infinity":7}}}
,"/home/mattb/projects/dashboard_interface_project/src/components/skeletons/PropertyCardSkeleton.tsx": {"path":"/home/mattb/projects/dashboard_interface_project/src/components/skeletons/PropertyCardSkeleton.tsx","statementMap":{"0":{"start":{"line":10,"column":2},"end":{"line":44,"column":null}},"1":{"start":{"line":57,"column":2},"end":{"line":65,"column":null}},"2":{"start":{"line":63,"column":8},"end":{"line":63,"column":null}}},"fnMap":{"0":{"name":"PropertyCardSkeleton","decl":{"start":{"line":9,"column":16},"end":{"line":9,"column":37}},"loc":{"start":{"line":9,"column":79},"end":{"line":46,"column":null}},"line":9},"1":{"name":"PropertyCardSkeletonGrid","decl":{"start":{"line":53,"column":16},"end":{"line":53,"column":41}},"loc":{"start":{"line":56,"column":34},"end":{"line":67,"column":null}},"line":56},"2":{"name":"(anonymous_2)","decl":{"start":{"line":62,"column":41},"end":{"line":62,"column":42}},"loc":{"start":{"line":63,"column":8},"end":{"line":63,"column":null}},"line":63}},"branchMap":{"0":{"loc":{"start":{"line":54,"column":2},"end":{"line":54,"column":null}},"type":"default-arg","locations":[{"start":{"line":54,"column":10},"end":{"line":54,"column":null}}],"line":54}},"s":{"0":34,"1":5,"2":28},"f":{"0":34,"1":5,"2":28},"b":{"0":[5]},"meta":{"lastBranch":1,"lastFunction":3,"lastStatement":3,"seen":{"f:9:16:9:37":0,"s:10:2:44:Infinity":0,"f:53:16:53:41":1,"b:54:10:54:Infinity":0,"s:57:2:65:Infinity":1,"f:62:41:62:42":2,"s:63:8:63:Infinity":2}}}
,"/home/mattb/projects/dashboard_interface_project/src/components/skeletons/StatCardSkeleton.tsx": {"path":"/home/mattb/projects/dashboard_interface_project/src/components/skeletons/StatCardSkeleton.tsx","statementMap":{"0":{"start":{"line":14,"column":2},"end":{"line":35,"column":null}},"1":{"start":{"line":15,"column":4},"end":{"line":33,"column":null}},"2":{"start":{"line":37,"column":2},"end":{"line":57,"column":null}},"3":{"start":{"line":72,"column":2},"end":{"line":83,"column":null}},"4":{"start":{"line":78,"column":8},"end":{"line":81,"column":null}},"5":{"start":{"line":88,"column":2},"end":{"line":95,"column":null}}},"fnMap":{"0":{"name":"StatCardSkeleton","decl":{"start":{"line":10,"column":16},"end":{"line":10,"column":33}},"loc":{"start":{"line":13,"column":26},"end":{"line":59,"column":null}},"line":13},"1":{"name":"StatCardSkeletonGrid","decl":{"start":{"line":67,"column":16},"end":{"line":67,"column":37}},"loc":{"start":{"line":71,"column":30},"end":{"line":85,"column":null}},"line":71},"2":{"name":"(anonymous_2)","decl":{"start":{"line":77,"column":41},"end":{"line":77,"column":42}},"loc":{"start":{"line":78,"column":8},"end":{"line":81,"column":null}},"line":78},"3":{"name":"MiniStatSkeleton","decl":{"start":{"line":87,"column":16},"end":{"line":87,"column":33}},"loc":{"start":{"line":87,"column":72},"end":{"line":97,"column":null}},"line":87}},"branchMap":{"0":{"loc":{"start":{"line":12,"column":2},"end":{"line":12,"column":null}},"type":"default-arg","locations":[{"start":{"line":12,"column":16},"end":{"line":12,"column":null}}],"line":12},"1":{"loc":{"start":{"line":14,"column":2},"end":{"line":35,"column":null}},"type":"if","locations":[{"start":{"line":14,"column":2},"end":{"line":35,"column":null}},{"start":{},"end":{}}],"line":14},"2":{"loc":{"start":{"line":68,"column":2},"end":{"line":68,"column":null}},"type":"default-arg","locations":[{"start":{"line":68,"column":10},"end":{"line":68,"column":null}}],"line":68},"3":{"loc":{"start":{"line":70,"column":2},"end":{"line":70,"column":null}},"type":"default-arg","locations":[{"start":{"line":70,"column":16},"end":{"line":70,"column":null}}],"line":70}},"s":{"0":30,"1":6,"2":24,"3":5,"4":22,"5":4},"f":{"0":30,"1":5,"2":22,"3":4},"b":{"0":[30],"1":[6,24],"2":[5],"3":[5]},"meta":{"lastBranch":4,"lastFunction":4,"lastStatement":6,"seen":{"f:10:16:10:33":0,"b:12:16:12:Infinity":0,"b:14:2:35:Infinity:undefined:undefined:undefined:undefined":1,"s:14:2:35:Infinity":0,"s:15:4:33:Infinity":1,"s:37:2:57:Infinity":2,"f:67:16:67:37":1,"b:68:10:68:Infinity":2,"b:70:16:70:Infinity":3,"s:72:2:83:Infinity":3,"f:77:41:77:42":2,"s:78:8:81:Infinity":4,"f:87:16:87:33":3,"s:88:2:95:Infinity":5}}}
,"/home/mattb/projects/dashboard_interface_project/src/components/skeletons/TableSkeleton.tsx": {"path":"/home/mattb/projects/dashboard_interface_project/src/components/skeletons/TableSkeleton.tsx","statementMap":{"0":{"start":{"line":20,"column":17},"end":{"line":20,"column":null}},"1":{"start":{"line":20,"column":71},"end":{"line":20,"column":79}},"2":{"start":{"line":22,"column":2},"end":{"line":47,"column":null}},"3":{"start":{"line":28,"column":12},"end":{"line":31,"column":null}},"4":{"start":{"line":38,"column":8},"end":{"line":45,"column":null}},"5":{"start":{"line":40,"column":12},"end":{"line":43,"column":null}},"6":{"start":{"line":60,"column":2},"end":{"line":74,"column":null}},"7":{"start":{"line":63,"column":8},"end":{"line":72,"column":null}}},"fnMap":{"0":{"name":"TableSkeleton","decl":{"start":{"line":12,"column":16},"end":{"line":12,"column":30}},"loc":{"start":{"line":18,"column":23},"end":{"line":49,"column":null}},"line":18},"1":{"name":"(anonymous_1)","decl":{"start":{"line":20,"column":65},"end":{"line":20,"column":71}},"loc":{"start":{"line":20,"column":71},"end":{"line":20,"column":79}},"line":20},"2":{"name":"(anonymous_2)","decl":{"start":{"line":27,"column":47},"end":{"line":27,"column":48}},"loc":{"start":{"line":28,"column":12},"end":{"line":31,"column":null}},"line":28},"3":{"name":"(anonymous_3)","decl":{"start":{"line":37,"column":40},"end":{"line":37,"column":41}},"loc":{"start":{"line":38,"column":8},"end":{"line":45,"column":null}},"line":38},"4":{"name":"(anonymous_4)","decl":{"start":{"line":39,"column":47},"end":{"line":39,"column":48}},"loc":{"start":{"line":40,"column":12},"end":{"line":43,"column":null}},"line":40},"5":{"name":"CompactTableSkeleton","decl":{"start":{"line":56,"column":16},"end":{"line":56,"column":37}},"loc":{"start":{"line":59,"column":30},"end":{"line":76,"column":null}},"line":59},"6":{"name":"(anonymous_6)","decl":{"start":{"line":62,"column":40},"end":{"line":62,"column":41}},"loc":{"start":{"line":63,"column":8},"end":{"line":72,"column":null}},"line":63}},"branchMap":{"0":{"loc":{"start":{"line":13,"column":2},"end":{"line":13,"column":null}},"type":"default-arg","locations":[{"start":{"line":13,"column":9},"end":{"line":13,"column":null}}],"line":13},"1":{"loc":{"start":{"line":14,"column":2},"end":{"line":14,"column":null}},"type":"default-arg","locations":[{"start":{"line":14,"column":12},"end":{"line":14,"column":null}}],"line":14},"2":{"loc":{"start":{"line":15,"column":2},"end":{"line":15,"column":null}},"type":"default-arg","locations":[{"start":{"line":15,"column":15},"end":{"line":15,"column":null}}],"line":15},"3":{"loc":{"start":{"line":20,"column":17},"end":{"line":20,"column":null}},"type":"binary-expr","locations":[{"start":{"line":20,"column":17},"end":{"line":20,"column":33}},{"start":{"line":20,"column":33},"end":{"line":20,"column":null}}],"line":20},"4":{"loc":{"start":{"line":25,"column":7},"end":{"line":33,"column":null}},"type":"binary-expr","locations":[{"start":{"line":25,"column":7},"end":{"line":25,"column":null}},{"start":{"line":26,"column":8},"end":{"line":33,"column":null}}],"line":25},"5":{"loc":{"start":{"line":30,"column":35},"end":{"line":30,"column":56}},"type":"binary-expr","locations":[{"start":{"line":30,"column":35},"end":{"line":30,"column":48}},{"start":{"line":30,"column":48},"end":{"line":30,"column":56}}],"line":30},"6":{"loc":{"start":{"line":42,"column":35},"end":{"line":42,"column":63}},"type":"binary-expr","locations":[{"start":{"line":42,"column":35},"end":{"line":42,"column":55}},{"start":{"line":42,"column":55},"end":{"line":42,"column":63}}],"line":42},"7":{"loc":{"start":{"line":57,"column":2},"end":{"line":57,"column":null}},"type":"default-arg","locations":[{"start":{"line":57,"column":9},"end":{"line":57,"column":null}}],"line":57}},"s":{"0":9,"1":34,"2":9,"3":33,"4":43,"5":177,"6":6,"7":28},"f":{"0":9,"1":34,"2":33,"3":43,"4":177,"5":6,"6":28},"b":{"0":[9],"1":[9],"2":[9],"3":[9,8],"4":[9,8],"5":[33,0],"6":[177,0],"7":[6]},"meta":{"lastBranch":8,"lastFunction":7,"lastStatement":8,"seen":{"f:12:16:12:30":0,"b:13:9:13:Infinity":0,"b:14:12:14:Infinity":1,"b:15:15:15:Infinity":2,"s:20:17:20:Infinity":0,"b:20:17:20:33:20:33:20:Infinity":3,"f:20:65:20:71":1,"s:20:71:20:79":1,"s:22:2:47:Infinity":2,"b:25:7:25:Infinity:26:8:33:Infinity":4,"f:27:47:27:48":2,"s:28:12:31:Infinity":3,"b:30:35:30:48:30:48:30:56":5,"f:37:40:37:41":3,"s:38:8:45:Infinity":4,"f:39:47:39:48":4,"s:40:12:43:Infinity":5,"b:42:35:42:55:42:55:42:63":6,"f:56:16:56:37":5,"b:57:9:57:Infinity":7,"s:60:2:74:Infinity":6,"f:62:40:62:41":6,"s:63:8:72:Infinity":7}}}
,"/home/mattb/projects/dashboard_interface_project/src/components/ui/ToggleButton.tsx": {"path":"/home/mattb/projects/dashboard_interface_project/src/components/ui/ToggleButton.tsx","statementMap":{"0":{"start":{"line":41,"column":2},"end":{"line":56,"column":null}}},"fnMap":{"0":{"name":"ToggleButton","decl":{"start":{"line":34,"column":16},"end":{"line":34,"column":29}},"loc":{"start":{"line":40,"column":22},"end":{"line":58,"column":null}},"line":40}},"branchMap":{"0":{"loc":{"start":{"line":49,"column":8},"end":{"line":51,"column":null}},"type":"cond-expr","locations":[{"start":{"line":50,"column":12},"end":{"line":50,"column":null}},{"start":{"line":51,"column":12},"end":{"line":51,"column":null}}],"line":49}},"s":{"0":6},"f":{"0":6},"b":{"0":[1,5]},"meta":{"lastBranch":1,"lastFunction":1,"lastStatement":1,"seen":{"f:34:16:34:29":0,"s:41:2:56:Infinity":0,"b:50:12:50:Infinity:51:12:51:Infinity":0}}}
,"/home/mattb/projects/dashboard_interface_project/src/components/ui/badge-variants.ts": {"path":"/home/mattb/projects/dashboard_interface_project/src/components/ui/badge-variants.ts","statementMap":{"0":{"start":{"line":3,"column":13},"end":{"line":21,"column":null}}},"fnMap":{},"branchMap":{},"s":{"0":1},"f":{},"b":{},"meta":{"lastBranch":0,"lastFunction":0,"lastStatement":1,"seen":{"s:3:13:21:Infinity":0}}}
,"/home/mattb/projects/dashboard_interface_project/src/components/ui/badge.tsx": {"path":"/home/mattb/projects/dashboard_interface_project/src/components/ui/badge.tsx","statementMap":{"0":{"start":{"line":12,"column":2},"end":{"line":13,"column":null}}},"fnMap":{"0":{"name":"Badge","decl":{"start":{"line":11,"column":9},"end":{"line":11,"column":15}},"loc":{"start":{"line":11,"column":61},"end":{"line":15,"column":null}},"line":11}},"branchMap":{},"s":{"0":6},"f":{"0":6},"b":{},"meta":{"lastBranch":0,"lastFunction":1,"lastStatement":1,"seen":{"f:11:9:11:15":0,"s:12:2:13:Infinity":0}}}
,"/home/mattb/projects/dashboard_interface_project/src/components/ui/button-variants.ts": {"path":"/home/mattb/projects/dashboard_interface_project/src/components/ui/button-variants.ts","statementMap":{"0":{"start":{"line":3,"column":13},"end":{"line":32,"column":null}}},"fnMap":{},"branchMap":{},"s":{"0":3},"f":{},"b":{},"meta":{"lastBranch":0,"lastFunction":0,"lastStatement":1,"seen":{"s:3:13:32:Infinity":0}}}
,"/home/mattb/projects/dashboard_interface_project/src/components/ui/button.tsx": {"path":"/home/mattb/projects/dashboard_interface_project/src/components/ui/button.tsx","statementMap":{"0":{"start":{"line":14,"column":15},"end":{"line":25,"column":null}},"1":{"start":{"line":16,"column":17},"end":{"line":16,"column":null}},"2":{"start":{"line":17,"column":4},"end":{"line":22,"column":null}},"3":{"start":{"line":26,"column":0},"end":{"line":26,"column":null}}},"fnMap":{"0":{"name":"(anonymous_0)","decl":{"start":{"line":15,"column":2},"end":{"line":15,"column":3}},"loc":{"start":{"line":15,"column":68},"end":{"line":24,"column":null}},"line":15}},"branchMap":{"0":{"loc":{"start":{"line":15,"column":31},"end":{"line":15,"column":48}},"type":"default-arg","locations":[{"start":{"line":15,"column":41},"end":{"line":15,"column":48}}],"line":15},"1":{"loc":{"start":{"line":16,"column":17},"end":{"line":16,"column":null}},"type":"cond-expr","locations":[{"start":{"line":16,"column":27},"end":{"line":16,"column":34}},{"start":{"line":16,"column":34},"end":{"line":16,"column":null}}],"line":16}},"s":{"0":3,"1":20,"2":20,"3":3},"f":{"0":20},"b":{"0":[20],"1":[1,19]},"meta":{"lastBranch":2,"lastFunction":1,"lastStatement":4,"seen":{"s:14:15:25:Infinity":0,"f:15:2:15:3":0,"b:15:41:15:48":0,"s:16:17:16:Infinity":1,"b:16:27:16:34:16:34:16:Infinity":1,"s:17:4:22:Infinity":2,"s:26:0:26:Infinity":3}}}
,"/home/mattb/projects/dashboard_interface_project/src/components/ui/card.tsx": {"path":"/home/mattb/projects/dashboard_interface_project/src/components/ui/card.tsx","statementMap":{"0":{"start":{"line":5,"column":13},"end":{"line":17,"column":null}},"1":{"start":{"line":9,"column":2},"end":{"line":16,"column":null}},"2":{"start":{"line":18,"column":0},"end":{"line":18,"column":null}},"3":{"start":{"line":20,"column":19},"end":{"line":29,"column":null}},"4":{"start":{"line":24,"column":2},"end":{"line":28,"column":null}},"5":{"start":{"line":30,"column":0},"end":{"line":30,"column":null}},"6":{"start":{"line":32,"column":18},"end":{"line":44,"column":null}},"7":{"start":{"line":36,"column":2},"end":{"line":43,"column":null}},"8":{"start":{"line":45,"column":0},"end":{"line":45,"column":null}},"9":{"start":{"line":47,"column":24},"end":{"line":56,"column":null}},"10":{"start":{"line":51,"column":2},"end":{"line":55,"column":null}},"11":{"start":{"line":57,"column":0},"end":{"line":57,"column":null}},"12":{"start":{"line":59,"column":20},"end":{"line":64,"column":null}},"13":{"start":{"line":63,"column":2},"end":{"line":63,"column":null}},"14":{"start":{"line":65,"column":0},"end":{"line":65,"column":null}},"15":{"start":{"line":67,"column":19},"end":{"line":76,"column":null}},"16":{"start":{"line":71,"column":2},"end":{"line":75,"column":null}},"17":{"start":{"line":77,"column":0},"end":{"line":77,"column":null}}},"fnMap":{"0":{"name":"(anonymous_0)","decl":{"start":{"line":8,"column":2},"end":{"line":8,"column":3}},"loc":{"start":{"line":9,"column":2},"end":{"line":16,"column":null}},"line":9},"1":{"name":"(anonymous_1)","decl":{"start":{"line":23,"column":2},"end":{"line":23,"column":3}},"loc":{"start":{"line":24,"column":2},"end":{"line":28,"column":null}},"line":24},"2":{"name":"(anonymous_2)","decl":{"start":{"line":35,"column":2},"end":{"line":35,"column":3}},"loc":{"start":{"line":36,"column":2},"end":{"line":43,"column":null}},"line":36},"3":{"name":"(anonymous_3)","decl":{"start":{"line":50,"column":2},"end":{"line":50,"column":3}},"loc":{"start":{"line":51,"column":2},"end":{"line":55,"column":null}},"line":51},"4":{"name":"(anonymous_4)","decl":{"start":{"line":62,"column":2},"end":{"line":62,"column":3}},"loc":{"start":{"line":63,"column":2},"end":{"line":63,"column":null}},"line":63},"5":{"name":"(anonymous_5)","decl":{"start":{"line":70,"column":2},"end":{"line":70,"column":3}},"loc":{"start":{"line":71,"column":2},"end":{"line":75,"column":null}},"line":71}},"branchMap":{},"s":{"0":9,"1":158,"2":9,"3":9,"4":36,"5":9,"6":9,"7":13,"8":9,"9":9,"10":13,"11":9,"12":9,"13":107,"14":9,"15":9,"16":2,"17":9},"f":{"0":158,"1":36,"2":13,"3":13,"4":107,"5":2},"b":{},"meta":{"lastBranch":0,"lastFunction":6,"lastStatement":18,"seen":{"s:5:13:17:Infinity":0,"f:8:2:8:3":0,"s:9:2:16:Infinity":1,"s:18:0:18:Infinity":2,"s:20:19:29:Infinity":3,"f:23:2:23:3":1,"s:24:2:28:Infinity":4,"s:30:0:30:Infinity":5,"s:32:18:44:Infinity":6,"f:35:2:35:3":2,"s:36:2:43:Infinity":7,"s:45:0:45:Infinity":8,"s:47:24:56:Infinity":9,"f:50:2:50:3":3,"s:51:2:55:Infinity":10,"s:57:0:57:Infinity":11,"s:59:20:64:Infinity":12,"f:62:2:62:3":4,"s:63:2:63:Infinity":13,"s:65:0:65:Infinity":14,"s:67:19:76:Infinity":15,"f:70:2:70:3":5,"s:71:2:75:Infinity":16,"s:77:0:77:Infinity":17}}}
,"/home/mattb/projects/dashboard_interface_project/src/components/ui/empty-state.tsx": {"path":"/home/mattb/projects/dashboard_interface_project/src/components/ui/empty-state.tsx","statementMap":{"0":{"start":{"line":28,"column":2},"end":{"line":57,"column":null}},"1":{"start":{"line":74,"column":2},"end":{"line":83,"column":null}},"2":{"start":{"line":98,"column":20},"end":{"line":98,"column":null}},"3":{"start":{"line":100,"column":2},"end":{"line":119,"column":null}},"4":{"start":{"line":125,"column":2},"end":{"line":134,"column":null}},"5":{"start":{"line":139,"column":2},"end":{"line":144,"column":null}},"6":{"start":{"line":149,"column":2},"end":{"line":159,"column":null}},"7":{"start":{"line":164,"column":2},"end":{"line":173,"column":null}}},"fnMap":{"0":{"name":"EmptyState","decl":{"start":{"line":20,"column":16},"end":{"line":20,"column":27}},"loc":{"start":{"line":27,"column":20},"end":{"line":59,"column":null}},"line":27},"1":{"name":"CompactEmptyState","decl":{"start":{"line":68,"column":16},"end":{"line":68,"column":34}},"loc":{"start":{"line":73,"column":27},"end":{"line":85,"column":null}},"line":73},"2":{"name":"TableEmptyState","decl":{"start":{"line":93,"column":16},"end":{"line":93,"column":32}},"loc":{"start":{"line":97,"column":25},"end":{"line":121,"column":null}},"line":97},"3":{"name":"EmptyInvestments","decl":{"start":{"line":124,"column":16},"end":{"line":124,"column":33}},"loc":{"start":{"line":124,"column":68},"end":{"line":136,"column":null}},"line":124},"4":{"name":"EmptyTransactions","decl":{"start":{"line":138,"column":16},"end":{"line":138,"column":36}},"loc":{"start":{"line":138,"column":36},"end":{"line":146,"column":null}},"line":138},"5":{"name":"EmptyDocuments","decl":{"start":{"line":148,"column":16},"end":{"line":148,"column":31}},"loc":{"start":{"line":148,"column":72},"end":{"line":161,"column":null}},"line":148},"6":{"name":"EmptyDeals","decl":{"start":{"line":163,"column":16},"end":{"line":163,"column":27}},"loc":{"start":{"line":163,"column":62},"end":{"line":175,"column":null}},"line":163}},"branchMap":{"0":{"loc":{"start":{"line":21,"column":8},"end":{"line":21,"column":null}},"type":"default-arg","locations":[{"start":{"line":21,"column":15},"end":{"line":21,"column":null}}],"line":21},"1":{"loc":{"start":{"line":40,"column":9},"end":{"line":43,"column":null}},"type":"binary-expr","locations":[{"start":{"line":40,"column":9},"end":{"line":40,"column":null}},{"start":{"line":41,"column":10},"end":{"line":43,"column":null}}],"line":40},"2":{"loc":{"start":{"line":46,"column":9},"end":{"line":54,"column":null}},"type":"binary-expr","locations":[{"start":{"line":46,"column":9},"end":{"line":46,"column":null}},{"start":{"line":47,"column":10},"end":{"line":54,"column":null}}],"line":46},"3":{"loc":{"start":{"line":49,"column":21},"end":{"line":49,"column":null}},"type":"binary-expr","locations":[{"start":{"line":49,"column":21},"end":{"line":49,"column":39}},{"start":{"line":49,"column":39},"end":{"line":49,"column":null}}],"line":49},"4":{"loc":{"start":{"line":69,"column":8},"end":{"line":69,"column":null}},"type":"default-arg","locations":[{"start":{"line":69,"column":15},"end":{"line":69,"column":null}}],"line":69},"5":{"loc":{"start":{"line":78,"column":7},"end":{"line":81,"column":null}},"type":"binary-expr","locations":[{"start":{"line":78,"column":7},"end":{"line":78,"column":null}},{"start":{"line":79,"column":8},"end":{"line":81,"column":null}}],"line":78},"6":{"loc":{"start":{"line":98,"column":20},"end":{"line":98,"column":null}},"type":"binary-expr","locations":[{"start":{"line":98,"column":20},"end":{"line":98,"column":34}},{"start":{"line":98,"column":34},"end":{"line":98,"column":null}}],"line":98},"7":{"loc":{"start":{"line":107,"column":9},"end":{"line":107,"column":null}},"type":"cond-expr","locations":[{"start":{"line":107,"column":21},"end":{"line":107,"column":42}},{"start":{"line":107,"column":42},"end":{"line":107,"column":null}}],"line":107},"8":{"loc":{"start":{"line":110,"column":9},"end":{"line":112,"column":null}},"type":"cond-expr","locations":[{"start":{"line":111,"column":12},"end":{"line":111,"column":null}},{"start":{"line":112,"column":12},"end":{"line":112,"column":null}}],"line":110},"9":{"loc":{"start":{"line":114,"column":7},"end":{"line":117,"column":null}},"type":"binary-expr","locations":[{"start":{"line":114,"column":7},"end":{"line":114,"column":20}},{"start":{"line":114,"column":20},"end":{"line":114,"column":null}},{"start":{"line":115,"column":8},"end":{"line":117,"column":null}}],"line":114},"10":{"loc":{"start":{"line":130,"column":14},"end":{"line":133,"column":null}},"type":"cond-expr","locations":[{"start":{"line":130,"column":22},"end":{"line":133,"column":10}},{"start":{"line":133,"column":10},"end":{"line":133,"column":null}}],"line":130},"11":{"loc":{"start":{"line":154,"column":14},"end":{"line":158,"column":null}},"type":"cond-expr","locations":[{"start":{"line":154,"column":25},"end":{"line":158,"column":10}},{"start":{"line":158,"column":10},"end":{"line":158,"column":null}}],"line":154},"12":{"loc":{"start":{"line":169,"column":14},"end":{"line":172,"column":null}},"type":"cond-expr","locations":[{"start":{"line":169,"column":22},"end":{"line":172,"column":10}},{"start":{"line":172,"column":10},"end":{"line":172,"column":null}}],"line":169}},"s":{"0":16,"1":4,"2":5,"3":5,"4":2,"5":2,"6":2,"7":2},"f":{"0":16,"1":4,"2":5,"3":2,"4":2,"5":2,"6":2},"b":{"0":[16],"1":[16,9],"2":[16,5],"3":[5,3],"4":[4],"5":[4,1],"6":[5,3],"7":[3,2],"8":[3,2],"9":[5,3,1],"10":[1,1],"11":[1,1],"12":[1,1]},"meta":{"lastBranch":13,"lastFunction":7,"lastStatement":8,"seen":{"f:20:16:20:27":0,"b:21:15:21:Infinity":0,"s:28:2:57:Infinity":0,"b:40:9:40:Infinity:41:10:43:Infinity":1,"b:46:9:46:Infinity:47:10:54:Infinity":2,"b:49:21:49:39:49:39:49:Infinity":3,"f:68:16:68:34":1,"b:69:15:69:Infinity":4,"s:74:2:83:Infinity":1,"b:78:7:78:Infinity:79:8:81:Infinity":5,"f:93:16:93:32":2,"s:98:20:98:Infinity":2,"b:98:20:98:34:98:34:98:Infinity":6,"s:100:2:119:Infinity":3,"b:107:21:107:42:107:42:107:Infinity":7,"b:111:12:111:Infinity:112:12:112:Infinity":8,"b:114:7:114:20:114:20:114:Infinity:115:8:117:Infinity":9,"f:124:16:124:33":3,"s:125:2:134:Infinity":4,"b:130:22:133:10:133:10:133:Infinity":10,"f:138:16:138:36":4,"s:139:2:144:Infinity":5,"f:148:16:148:31":5,"s:149:2:159:Infinity":6,"b:154:25:158:10:158:10:158:Infinity":11,"f:163:16:163:27":6,"s:164:2:173:Infinity":7,"b:169:22:172:10:172:10:172:Infinity":12}}}
,"/home/mattb/projects/dashboard_interface_project/src/components/ui/error-state.tsx": {"path":"/home/mattb/projects/dashboard_interface_project/src/components/ui/error-state.tsx","statementMap":{"0":{"start":{"line":19,"column":22},"end":{"line":38,"column":null}},"1":{"start":{"line":50,"column":17},"end":{"line":50,"column":null}},"2":{"start":{"line":51,"column":15},"end":{"line":51,"column":null}},"3":{"start":{"line":52,"column":23},"end":{"line":52,"column":null}},"4":{"start":{"line":53,"column":29},"end":{"line":53,"column":null}},"5":{"start":{"line":56,"column":4},"end":{"line":78,"column":null}},"6":{"start":{"line":81,"column":2},"end":{"line":87,"column":null}},"7":{"start":{"line":82,"column":4},"end":{"line":85,"column":null}},"8":{"start":{"line":89,"column":2},"end":{"line":92,"column":null}},"9":{"start":{"line":107,"column":17},"end":{"line":107,"column":null}},"10":{"start":{"line":108,"column":15},"end":{"line":108,"column":null}},"11":{"start":{"line":110,"column":2},"end":{"line":122,"column":null}},"12":{"start":{"line":139,"column":2},"end":{"line":172,"column":null}}},"fnMap":{"0":{"name":"ErrorState","decl":{"start":{"line":40,"column":16},"end":{"line":40,"column":27}},"loc":{"start":{"line":49,"column":20},"end":{"line":94,"column":null}},"line":49},"1":{"name":"InlineError","decl":{"start":{"line":102,"column":16},"end":{"line":102,"column":28}},"loc":{"start":{"line":106,"column":21},"end":{"line":124,"column":null}},"line":106},"2":{"name":"ErrorAlert","decl":{"start":{"line":133,"column":16},"end":{"line":133,"column":27}},"loc":{"start":{"line":138,"column":20},"end":{"line":174,"column":null}},"line":138}},"branchMap":{"0":{"loc":{"start":{"line":43,"column":2},"end":{"line":43,"column":null}},"type":"default-arg","locations":[{"start":{"line":43,"column":12},"end":{"line":43,"column":null}}],"line":43},"1":{"loc":{"start":{"line":45,"column":2},"end":{"line":45,"column":null}},"type":"default-arg","locations":[{"start":{"line":45,"column":15},"end":{"line":45,"column":null}}],"line":45},"2":{"loc":{"start":{"line":47,"column":2},"end":{"line":47,"column":null}},"type":"default-arg","locations":[{"start":{"line":47,"column":13},"end":{"line":47,"column":null}}],"line":47},"3":{"loc":{"start":{"line":48,"column":2},"end":{"line":48,"column":null}},"type":"default-arg","locations":[{"start":{"line":48,"column":15},"end":{"line":48,"column":null}}],"line":48},"4":{"loc":{"start":{"line":52,"column":23},"end":{"line":52,"column":null}},"type":"binary-expr","locations":[{"start":{"line":52,"column":23},"end":{"line":52,"column":32}},{"start":{"line":52,"column":32},"end":{"line":52,"column":null}}],"line":52},"5":{"loc":{"start":{"line":53,"column":29},"end":{"line":53,"column":null}},"type":"binary-expr","locations":[{"start":{"line":53,"column":29},"end":{"line":53,"column":44}},{"start":{"line":53,"column":44},"end":{"line":53,"column":null}}],"line":53},"6":{"loc":{"start":{"line":58,"column":9},"end":{"line":61,"column":null}},"type":"binary-expr","locations":[{"start":{"line":58,"column":9},"end":{"line":58,"column":null}},{"start":{"line":59,"column":10},"end":{"line":61,"column":null}}],"line":58},"7":{"loc":{"start":{"line":64,"column":9},"end":{"line":67,"column":null}},"type":"binary-expr","locations":[{"start":{"line":64,"column":9},"end":{"line":64,"column":null}},{"start":{"line":65,"column":10},"end":{"line":67,"column":null}}],"line":64},"8":{"loc":{"start":{"line":70,"column":7},"end":{"line":76,"column":null}},"type":"binary-expr","locations":[{"start":{"line":70,"column":7},"end":{"line":70,"column":null}},{"start":{"line":71,"column":8},"end":{"line":76,"column":null}}],"line":70},"9":{"loc":{"start":{"line":81,"column":2},"end":{"line":87,"column":null}},"type":"if","locations":[{"start":{"line":81,"column":2},"end":{"line":87,"column":null}},{"start":{},"end":{}}],"line":81},"10":{"loc":{"start":{"line":104,"column":2},"end":{"line":104,"column":null}},"type":"default-arg","locations":[{"start":{"line":104,"column":12},"end":{"line":104,"column":null}}],"line":104},"11":{"loc":{"start":{"line":114,"column":8},"end":{"line":114,"column":null}},"type":"binary-expr","locations":[{"start":{"line":114,"column":8},"end":{"line":114,"column":31}},{"start":{"line":114,"column":31},"end":{"line":114,"column":null}}],"line":114},"12":{"loc":{"start":{"line":115,"column":8},"end":{"line":115,"column":null}},"type":"binary-expr","locations":[{"start":{"line":115,"column":8},"end":{"line":115,"column":33}},{"start":{"line":115,"column":33},"end":{"line":115,"column":null}}],"line":115},"13":{"loc":{"start":{"line":116,"column":8},"end":{"line":116,"column":null}},"type":"binary-expr","locations":[{"start":{"line":116,"column":8},"end":{"line":116,"column":30}},{"start":{"line":116,"column":30},"end":{"line":116,"column":null}}],"line":116},"14":{"loc":{"start":{"line":149,"column":9},"end":{"line":150,"column":null}},"type":"binary-expr","locations":[{"start":{"line":149,"column":9},"end":{"line":149,"column":null}},{"start":{"line":150,"column":10},"end":{"line":150,"column":null}}],"line":149},"15":{"loc":{"start":{"line":153,"column":7},"end":{"line":170,"column":null}},"type":"binary-expr","locations":[{"start":{"line":153,"column":7},"end":{"line":153,"column":null}},{"start":{"line":154,"column":8},"end":{"line":170,"column":null}}],"line":153}},"s":{"0":1,"1":11,"2":11,"3":11,"4":11,"5":11,"6":11,"7":1,"8":10,"9":5,"10":5,"11":5,"12":6},"f":{"0":11,"1":5,"2":6},"b":{"0":[11],"1":[11],"2":[11],"3":[11],"4":[11,10],"5":[11,10],"6":[11,10],"7":[11,11],"8":[11,2],"9":[1,10],"10":[5],"11":[5,3],"12":[5,1],"13":[5,1],"14":[6,1],"15":[6,1]},"meta":{"lastBranch":16,"lastFunction":3,"lastStatement":13,"seen":{"s:19:22:38:Infinity":0,"f:40:16:40:27":0,"b:43:12:43:Infinity":0,"b:45:15:45:Infinity":1,"b:47:13:47:Infinity":2,"b:48:15:48:Infinity":3,"s:50:17:50:Infinity":1,"s:51:15:51:Infinity":2,"s:52:23:52:Infinity":3,"b:52:23:52:32:52:32:52:Infinity":4,"s:53:29:53:Infinity":4,"b:53:29:53:44:53:44:53:Infinity":5,"s:56:4:78:Infinity":5,"b:58:9:58:Infinity:59:10:61:Infinity":6,"b:64:9:64:Infinity:65:10:67:Infinity":7,"b:70:7:70:Infinity:71:8:76:Infinity":8,"b:81:2:87:Infinity:undefined:undefined:undefined:undefined":9,"s:81:2:87:Infinity":6,"s:82:4:85:Infinity":7,"s:89:2:92:Infinity":8,"f:102:16:102:28":1,"b:104:12:104:Infinity":10,"s:107:17:107:Infinity":9,"s:108:15:108:Infinity":10,"s:110:2:122:Infinity":11,"b:114:8:114:31:114:31:114:Infinity":11,"b:115:8:115:33:115:33:115:Infinity":12,"b:116:8:116:30:116:30:116:Infinity":13,"f:133:16:133:27":2,"s:139:2:172:Infinity":12,"b:149:9:149:Infinity:150:10:150:Infinity":14,"b:153:7:153:Infinity:154:8:170:Infinity":15}}}
,"/home/mattb/projects/dashboard_interface_project/src/components/ui/input.tsx": {"path":"/home/mattb/projects/dashboard_interface_project/src/components/ui/input.tsx","statementMap":{"0":{"start":{"line":5,"column":14},"end":{"line":19,"column":null}},"1":{"start":{"line":7,"column":4},"end":{"line":16,"column":null}},"2":{"start":{"line":20,"column":0},"end":{"line":20,"column":null}}},"fnMap":{"0":{"name":"(anonymous_0)","decl":{"start":{"line":6,"column":2},"end":{"line":6,"column":3}},"loc":{"start":{"line":6,"column":42},"end":{"line":18,"column":null}},"line":6}},"branchMap":{},"s":{"0":1,"1":6,"2":1},"f":{"0":6},"b":{},"meta":{"lastBranch":0,"lastFunction":1,"lastStatement":3,"seen":{"s:5:14:19:Infinity":0,"f:6:2:6:3":0,"s:7:4:16:Infinity":1,"s:20:0:20:Infinity":2}}}
,"/home/mattb/projects/dashboard_interface_project/src/components/ui/skeleton.tsx": {"path":"/home/mattb/projects/dashboard_interface_project/src/components/ui/skeleton.tsx","statementMap":{"0":{"start":{"line":7,"column":2},"end":{"line":11,"column":null}},"1":{"start":{"line":17,"column":2},"end":{"line":30,"column":null}},"2":{"start":{"line":44,"column":2},"end":{"line":63,"column":null}},"3":{"start":{"line":49,"column":10},"end":{"line":49,"column":null}},"4":{"start":{"line":54,"column":8},"end":{"line":61,"column":null}},"5":{"start":{"line":56,"column":12},"end":{"line":59,"column":null}},"6":{"start":{"line":68,"column":29},"end":{"line":68,"column":null}},"7":{"start":{"line":72,"column":2},"end":{"line":96,"column":null}},"8":{"start":{"line":82,"column":12},"end":{"line":86,"column":null}},"9":{"start":{"line":93,"column":10},"end":{"line":93,"column":null}}},"fnMap":{"0":{"name":"Skeleton","decl":{"start":{"line":3,"column":9},"end":{"line":3,"column":18}},"loc":{"start":{"line":6,"column":41},"end":{"line":13,"column":null}},"line":6},"1":{"name":"CardSkeleton","decl":{"start":{"line":16,"column":9},"end":{"line":16,"column":22}},"loc":{"start":{"line":16,"column":61},"end":{"line":32,"column":null}},"line":16},"2":{"name":"TableSkeleton","decl":{"start":{"line":35,"column":9},"end":{"line":35,"column":23}},"loc":{"start":{"line":43,"column":3},"end":{"line":65,"column":null}},"line":43},"3":{"name":"(anonymous_3)","decl":{"start":{"line":48,"column":45},"end":{"line":48,"column":46}},"loc":{"start":{"line":49,"column":10},"end":{"line":49,"column":null}},"line":49},"4":{"name":"(anonymous_4)","decl":{"start":{"line":53,"column":40},"end":{"line":53,"column":41}},"loc":{"start":{"line":54,"column":8},"end":{"line":61,"column":null}},"line":54},"5":{"name":"(anonymous_5)","decl":{"start":{"line":55,"column":47},"end":{"line":55,"column":48}},"loc":{"start":{"line":56,"column":12},"end":{"line":59,"column":null}},"line":56},"6":{"name":"ChartSkeleton","decl":{"start":{"line":71,"column":9},"end":{"line":71,"column":23}},"loc":{"start":{"line":71,"column":62},"end":{"line":98,"column":null}},"line":71},"7":{"name":"(anonymous_7)","decl":{"start":{"line":81,"column":41},"end":{"line":81,"column":42}},"loc":{"start":{"line":82,"column":12},"end":{"line":86,"column":null}},"line":82},"8":{"name":"(anonymous_8)","decl":{"start":{"line":92,"column":39},"end":{"line":92,"column":40}},"loc":{"start":{"line":93,"column":10},"end":{"line":93,"column":null}},"line":93}},"branchMap":{"0":{"loc":{"start":{"line":36,"column":2},"end":{"line":36,"column":null}},"type":"default-arg","locations":[{"start":{"line":36,"column":9},"end":{"line":36,"column":null}}],"line":36},"1":{"loc":{"start":{"line":37,"column":2},"end":{"line":37,"column":null}},"type":"default-arg","locations":[{"start":{"line":37,"column":12},"end":{"line":37,"column":null}}],"line":37}},"s":{"0":1594,"1":0,"2":0,"3":0,"4":0,"5":0,"6":6,"7":0,"8":0,"9":0},"f":{"0":1594,"1":0,"2":0,"3":0,"4":0,"5":0,"6":0,"7":0,"8":0},"b":{"0":[0],"1":[0]},"meta":{"lastBranch":2,"lastFunction":9,"lastStatement":10,"seen":{"f:3:9:3:18":0,"s:7:2:11:Infinity":0,"f:16:9:16:22":1,"s:17:2:30:Infinity":1,"f:35:9:35:23":2,"b:36:9:36:Infinity":0,"b:37:12:37:Infinity":1,"s:44:2:63:Infinity":2,"f:48:45:48:46":3,"s:49:10:49:Infinity":3,"f:53:40:53:41":4,"s:54:8:61:Infinity":4,"f:55:47:55:48":5,"s:56:12:59:Infinity":5,"s:68:29:68:Infinity":6,"f:71:9:71:23":6,"s:72:2:96:Infinity":7,"f:81:41:81:42":7,"s:82:12:86:Infinity":8,"f:92:39:92:40":8,"s:93:10:93:Infinity":9}}}
,"/home/mattb/projects/dashboard_interface_project/src/components/ui/toast-container.tsx": {"path":"/home/mattb/projects/dashboard_interface_project/src/components/ui/toast-container.tsx","statementMap":{"0":{"start":{"line":6,"column":30},"end":{"line":6,"column":null}},"1":{"start":{"line":9,"column":24},"end":{"line":9,"column":null}},"2":{"start":{"line":11,"column":2},"end":{"line":13,"column":null}},"3":{"start":{"line":12,"column":4},"end":{"line":12,"column":null}},"4":{"start":{"line":15,"column":2},"end":{"line":28,"column":null}},"5":{"start":{"line":22,"column":8},"end":{"line":24,"column":null}}},"fnMap":{"0":{"name":"ToastContainer","decl":{"start":{"line":5,"column":16},"end":{"line":5,"column":33}},"loc":{"start":{"line":5,"column":33},"end":{"line":29,"column":null}},"line":5},"1":{"name":"(anonymous_1)","decl":{"start":{"line":21,"column":25},"end":{"line":21,"column":26}},"loc":{"start":{"line":22,"column":8},"end":{"line":24,"column":null}},"line":22}},"branchMap":{"0":{"loc":{"start":{"line":11,"column":2},"end":{"line":13,"column":null}},"type":"if","locations":[{"start":{"line":11,"column":2},"end":{"line":13,"column":null}},{"start":{},"end":{}}],"line":11}},"s":{"0":177,"1":177,"2":177,"3":177,"4":0,"5":0},"f":{"0":177,"1":0},"b":{"0":[177,0]},"meta":{"lastBranch":1,"lastFunction":2,"lastStatement":6,"seen":{"f:5:16:5:33":0,"s:6:30:6:Infinity":0,"s:9:24:9:Infinity":1,"b:11:2:13:Infinity:undefined:undefined:undefined:undefined":0,"s:11:2:13:Infinity":2,"s:12:4:12:Infinity":3,"s:15:2:28:Infinity":4,"f:21:25:21:26":1,"s:22:8:24:Infinity":5}}}
,"/home/mattb/projects/dashboard_interface_project/src/components/ui/toast.tsx": {"path":"/home/mattb/projects/dashboard_interface_project/src/components/ui/toast.tsx","statementMap":{"0":{"start":{"line":11,"column":16},"end":{"line":16,"column":null}},"1":{"start":{"line":18,"column":17},"end":{"line":47,"column":null}},"2":{"start":{"line":50,"column":32},"end":{"line":50,"column":null}},"3":{"start":{"line":51,"column":30},"end":{"line":51,"column":null}},"4":{"start":{"line":53,"column":15},"end":{"line":53,"column":null}},"5":{"start":{"line":54,"column":17},"end":{"line":54,"column":null}},"6":{"start":{"line":55,"column":19},"end":{"line":55,"column":null}},"7":{"start":{"line":57,"column":2},"end":{"line":72,"column":null}},"8":{"start":{"line":58,"column":4},"end":{"line":58,"column":null}},"9":{"start":{"line":58,"column":23},"end":{"line":58,"column":null}},"10":{"start":{"line":60,"column":22},"end":{"line":60,"column":null}},"11":{"start":{"line":61,"column":21},"end":{"line":69,"column":null}},"12":{"start":{"line":62,"column":22},"end":{"line":62,"column":null}},"13":{"start":{"line":63,"column":24},"end":{"line":63,"column":null}},"14":{"start":{"line":64,"column":6},"end":{"line":64,"column":null}},"15":{"start":{"line":66,"column":6},"end":{"line":68,"column":null}},"16":{"start":{"line":67,"column":8},"end":{"line":67,"column":null}},"17":{"start":{"line":71,"column":4},"end":{"line":71,"column":null}},"18":{"start":{"line":71,"column":17},"end":{"line":71,"column":null}},"19":{"start":{"line":74,"column":22},"end":{"line":79,"column":null}},"20":{"start":{"line":75,"column":4},"end":{"line":75,"column":null}},"21":{"start":{"line":76,"column":4},"end":{"line":78,"column":null}},"22":{"start":{"line":77,"column":6},"end":{"line":77,"column":null}},"23":{"start":{"line":81,"column":2},"end":{"line":141,"column":null}}},"fnMap":{"0":{"name":"Toast","decl":{"start":{"line":49,"column":16},"end":{"line":49,"column":22}},"loc":{"start":{"line":49,"column":55},"end":{"line":143,"column":null}},"line":49},"1":{"name":"(anonymous_1)","decl":{"start":{"line":57,"column":12},"end":{"line":57,"column":18}},"loc":{"start":{"line":57,"column":18},"end":{"line":72,"column":5}},"line":57},"2":{"name":"(anonymous_2)","decl":{"start":{"line":61,"column":33},"end":{"line":61,"column":39}},"loc":{"start":{"line":61,"column":39},"end":{"line":69,"column":7}},"line":61},"3":{"name":"(anonymous_3)","decl":{"start":{"line":71,"column":11},"end":{"line":71,"column":17}},"loc":{"start":{"line":71,"column":17},"end":{"line":71,"column":null}},"line":71},"4":{"name":"(anonymous_4)","decl":{"start":{"line":74,"column":22},"end":{"line":74,"column":28}},"loc":{"start":{"line":74,"column":28},"end":{"line":79,"column":null}},"line":74},"5":{"name":"(anonymous_5)","decl":{"start":{"line":76,"column":15},"end":{"line":76,"column":21}},"loc":{"start":{"line":76,"column":21},"end":{"line":78,"column":7}},"line":76}},"branchMap":{"0":{"loc":{"start":{"line":55,"column":19},"end":{"line":55,"column":null}},"type":"binary-expr","locations":[{"start":{"line":55,"column":19},"end":{"line":55,"column":37}},{"start":{"line":55,"column":37},"end":{"line":55,"column":null}}],"line":55},"1":{"loc":{"start":{"line":58,"column":4},"end":{"line":58,"column":null}},"type":"if","locations":[{"start":{"line":58,"column":4},"end":{"line":58,"column":null}},{"start":{},"end":{}}],"line":58},"2":{"loc":{"start":{"line":66,"column":6},"end":{"line":68,"column":null}},"type":"if","locations":[{"start":{"line":66,"column":6},"end":{"line":68,"column":null}},{"start":{},"end":{}}],"line":66},"3":{"loc":{"start":{"line":87,"column":8},"end":{"line":89,"column":null}},"type":"cond-expr","locations":[{"start":{"line":88,"column":12},"end":{"line":88,"column":null}},{"start":{"line":89,"column":12},"end":{"line":89,"column":null}}],"line":87},"4":{"loc":{"start":{"line":101,"column":13},"end":{"line":104,"column":null}},"type":"binary-expr","locations":[{"start":{"line":101,"column":13},"end":{"line":101,"column":null}},{"start":{"line":102,"column":14},"end":{"line":104,"column":null}}],"line":101},"5":{"loc":{"start":{"line":107,"column":13},"end":{"line":116,"column":null}},"type":"binary-expr","locations":[{"start":{"line":107,"column":13},"end":{"line":107,"column":null}},{"start":{"line":108,"column":14},"end":{"line":116,"column":null}}],"line":107},"6":{"loc":{"start":{"line":133,"column":7},"end":{"line":139,"column":null}},"type":"binary-expr","locations":[{"start":{"line":133,"column":7},"end":{"line":133,"column":null}},{"start":{"line":134,"column":8},"end":{"line":139,"column":null}}],"line":133}},"s":{"0":14,"1":14,"2":22,"3":22,"4":22,"5":22,"6":22,"7":22,"8":13,"9":1,"10":12,"11":12,"12":10,"13":10,"14":10,"15":10,"16":0,"17":12,"18":12,"19":22,"20":1,"21":1,"22":1,"23":22},"f":{"0":22,"1":13,"2":10,"3":12,"4":1,"5":1},"b":{"0":[22,0],"1":[1,12],"2":[0,10],"3":[7,15],"4":[22,1],"5":[22,4],"6":[22,21]},"meta":{"lastBranch":7,"lastFunction":6,"lastStatement":24,"seen":{"s:11:16:16:Infinity":0,"s:18:17:47:Infinity":1,"f:49:16:49:22":0,"s:50:32:50:Infinity":2,"s:51:30:51:Infinity":3,"s:53:15:53:Infinity":4,"s:54:17:54:Infinity":5,"s:55:19:55:Infinity":6,"b:55:19:55:37:55:37:55:Infinity":0,"s:57:2:72:Infinity":7,"f:57:12:57:18":1,"b:58:4:58:Infinity:undefined:undefined:undefined:undefined":1,"s:58:4:58:Infinity":8,"s:58:23:58:Infinity":9,"s:60:22:60:Infinity":10,"s:61:21:69:Infinity":11,"f:61:33:61:39":2,"s:62:22:62:Infinity":12,"s:63:24:63:Infinity":13,"s:64:6:64:Infinity":14,"b:66:6:68:Infinity:undefined:undefined:undefined:undefined":2,"s:66:6:68:Infinity":15,"s:67:8:67:Infinity":16,"s:71:4:71:Infinity":17,"f:71:11:71:17":3,"s:71:17:71:Infinity":18,"s:74:22:79:Infinity":19,"f:74:22:74:28":4,"s:75:4:75:Infinity":20,"s:76:4:78:Infinity":21,"f:76:15:76:21":5,"s:77:6:77:Infinity":22,"s:81:2:141:Infinity":23,"b:88:12:88:Infinity:89:12:89:Infinity":3,"b:101:13:101:Infinity:102:14:104:Infinity":4,"b:107:13:107:Infinity:108:14:116:Infinity":5,"b:133:7:133:Infinity:134:8:139:Infinity":6}}}
,"/home/mattb/projects/dashboard_interface_project/src/contexts/ToastContext.tsx": {"path":"/home/mattb/projects/dashboard_interface_project/src/contexts/ToastContext.tsx","statementMap":{"0":{"start":{"line":9,"column":2},"end":{"line":13,"column":null}}},"fnMap":{"0":{"name":"ToastProvider","decl":{"start":{"line":8,"column":16},"end":{"line":8,"column":30}},"loc":{"start":{"line":8,"column":64},"end":{"line":15,"column":null}},"line":8}},"branchMap":{},"s":{"0":177},"f":{"0":177},"b":{},"meta":{"lastBranch":0,"lastFunction":1,"lastStatement":1,"seen":{"f:8:16:8:30":0,"s:9:2:13:Infinity":0}}}
,"/home/mattb/projects/dashboard_interface_project/src/hooks/useToast.ts": {"path":"/home/mattb/projects/dashboard_interface_project/src/hooks/useToast.ts","statementMap":{"0":{"start":{"line":6,"column":32},"end":{"line":6,"column":null}},"1":{"start":{"line":8,"column":8},"end":{"line":13,"column":null}},"2":{"start":{"line":10,"column":6},"end":{"line":10,"column":null}},"3":{"start":{"line":15,"column":8},"end":{"line":29,"column":null}},"4":{"start":{"line":17,"column":6},"end":{"line":26,"column":null}},"5":{"start":{"line":21,"column":8},"end":{"line":25,"column":null}},"6":{"start":{"line":31,"column":8},"end":{"line":36,"column":null}},"7":{"start":{"line":33,"column":6},"end":{"line":33,"column":null}},"8":{"start":{"line":38,"column":8},"end":{"line":43,"column":null}},"9":{"start":{"line":40,"column":6},"end":{"line":40,"column":null}},"10":{"start":{"line":45,"column":8},"end":{"line":50,"column":null}},"11":{"start":{"line":47,"column":6},"end":{"line":47,"column":null}},"12":{"start":{"line":52,"column":8},"end":{"line":57,"column":null}},"13":{"start":{"line":54,"column":6},"end":{"line":54,"column":null}},"14":{"start":{"line":59,"column":8},"end":{"line":64,"column":null}},"15":{"start":{"line":61,"column":6},"end":{"line":61,"column":null}},"16":{"start":{"line":66,"column":2},"end":{"line":73,"column":null}}},"fnMap":{"0":{"name":"useToast","decl":{"start":{"line":5,"column":16},"end":{"line":5,"column":27}},"loc":{"start":{"line":5,"column":27},"end":{"line":74,"column":null}},"line":5},"1":{"name":"(anonymous_1)","decl":{"start":{"line":9,"column":4},"end":{"line":9,"column":5}},"loc":{"start":{"line":9,"column":31},"end":{"line":11,"column":null}},"line":9},"2":{"name":"(anonymous_2)","decl":{"start":{"line":16,"column":4},"end":{"line":16,"column":5}},"loc":{"start":{"line":16,"column":25},"end":{"line":27,"column":null}},"line":16},"3":{"name":"(anonymous_3)","decl":{"start":{"line":17,"column":13},"end":{"line":17,"column":null}},"loc":{"start":{"line":20,"column":11},"end":{"line":26,"column":null}},"line":20},"4":{"name":"(anonymous_4)","decl":{"start":{"line":32,"column":4},"end":{"line":32,"column":5}},"loc":{"start":{"line":32,"column":71},"end":{"line":34,"column":null}},"line":32},"5":{"name":"(anonymous_5)","decl":{"start":{"line":39,"column":4},"end":{"line":39,"column":5}},"loc":{"start":{"line":39,"column":71},"end":{"line":41,"column":null}},"line":39},"6":{"name":"(anonymous_6)","decl":{"start":{"line":46,"column":4},"end":{"line":46,"column":5}},"loc":{"start":{"line":46,"column":71},"end":{"line":48,"column":null}},"line":46},"7":{"name":"(anonymous_7)","decl":{"start":{"line":53,"column":4},"end":{"line":53,"column":5}},"loc":{"start":{"line":53,"column":71},"end":{"line":55,"column":null}},"line":53},"8":{"name":"(anonymous_8)","decl":{"start":{"line":60,"column":4},"end":{"line":60,"column":5}},"loc":{"start":{"line":60,"column":20},"end":{"line":62,"column":null}},"line":60}},"branchMap":{},"s":{"0":11,"1":11,"2":2,"3":11,"4":5,"5":5,"6":11,"7":2,"8":11,"9":1,"10":11,"11":1,"12":11,"13":1,"14":11,"15":1,"16":11},"f":{"0":11,"1":2,"2":5,"3":5,"4":2,"5":1,"6":1,"7":1,"8":1},"b":{},"meta":{"lastBranch":0,"lastFunction":9,"lastStatement":17,"seen":{"f:5:16:5:27":0,"s:6:32:6:Infinity":0,"s:8:8:13:Infinity":1,"f:9:4:9:5":1,"s:10:6:10:Infinity":2,"s:15:8:29:Infinity":3,"f:16:4:16:5":2,"s:17:6:26:Infinity":4,"f:17:13:17:Infinity":3,"s:21:8:25:Infinity":5,"s:31:8:36:Infinity":6,"f:32:4:32:5":4,"s:33:6:33:Infinity":7,"s:38:8:43:Infinity":8,"f:39:4:39:5":5,"s:40:6:40:Infinity":9,"s:45:8:50:Infinity":10,"f:46:4:46:5":6,"s:47:6:47:Infinity":11,"s:52:8:57:Infinity":12,"f:53:4:53:5":7,"s:54:6:54:Infinity":13,"s:59:8:64:Infinity":14,"f:60:4:60:5":8,"s:61:6:61:Infinity":15,"s:66:2:73:Infinity":16}}}
,"/home/mattb/projects/dashboard_interface_project/src/lib/utils.ts": {"path":"/home/mattb/projects/dashboard_interface_project/src/lib/utils.ts","statementMap":{"0":{"start":{"line":5,"column":2},"end":{"line":5,"column":null}}},"fnMap":{"0":{"name":"cn","decl":{"start":{"line":4,"column":16},"end":{"line":4,"column":22}},"loc":{"start":{"line":4,"column":52},"end":{"line":6,"column":null}},"line":4}},"branchMap":{},"s":{"0":2472},"f":{"0":2472},"b":{},"meta":{"lastBranch":0,"lastFunction":1,"lastStatement":1,"seen":{"f:4:16:4:22":0,"s:5:2:5:Infinity":0}}}
,"/home/mattb/projects/dashboard_interface_project/src/stores/notificationStore.ts": {"path":"/home/mattb/projects/dashboard_interface_project/src/stores/notificationStore.ts","statementMap":{"0":{"start":{"line":11,"column":19},"end":{"line":13,"column":null}},"1":{"start":{"line":12,"column":2},"end":{"line":12,"column":null}},"2":{"start":{"line":15,"column":13},"end":{"line":51,"column":null}},"3":{"start":{"line":15,"column":77},"end":{"line":51,"column":2}},"4":{"start":{"line":19,"column":15},"end":{"line":19,"column":null}},"5":{"start":{"line":20,"column":21},"end":{"line":20,"column":null}},"6":{"start":{"line":22,"column":28},"end":{"line":26,"column":null}},"7":{"start":{"line":28,"column":4},"end":{"line":30,"column":null}},"8":{"start":{"line":28,"column":20},"end":{"line":30,"column":6}},"9":{"start":{"line":33,"column":4},"end":{"line":37,"column":null}},"10":{"start":{"line":34,"column":6},"end":{"line":36,"column":null}},"11":{"start":{"line":35,"column":8},"end":{"line":35,"column":null}},"12":{"start":{"line":39,"column":4},"end":{"line":39,"column":null}},"13":{"start":{"line":43,"column":4},"end":{"line":45,"column":null}},"14":{"start":{"line":43,"column":20},"end":{"line":45,"column":6}},"15":{"start":{"line":44,"column":45},"end":{"line":44,"column":60}},"16":{"start":{"line":49,"column":4},"end":{"line":49,"column":null}}},"fnMap":{"0":{"name":"(anonymous_0)","decl":{"start":{"line":11,"column":19},"end":{"line":11,"column":33}},"loc":{"start":{"line":11,"column":33},"end":{"line":13,"column":null}},"line":11},"1":{"name":"(anonymous_1)","decl":{"start":{"line":15,"column":62},"end":{"line":15,"column":63}},"loc":{"start":{"line":15,"column":77},"end":{"line":51,"column":2}},"line":15},"2":{"name":"(anonymous_2)","decl":{"start":{"line":18,"column":12},"end":{"line":18,"column":13}},"loc":{"start":{"line":18,"column":37},"end":{"line":40,"column":null}},"line":18},"3":{"name":"(anonymous_3)","decl":{"start":{"line":28,"column":8},"end":{"line":28,"column":9}},"loc":{"start":{"line":28,"column":20},"end":{"line":30,"column":6}},"line":28},"4":{"name":"(anonymous_4)","decl":{"start":{"line":34,"column":17},"end":{"line":34,"column":23}},"loc":{"start":{"line":34,"column":23},"end":{"line":36,"column":9}},"line":34},"5":{"name":"(anonymous_5)","decl":{"start":{"line":42,"column":15},"end":{"line":42,"column":16}},"loc":{"start":{"line":42,"column":31},"end":{"line":46,"column":null}},"line":42},"6":{"name":"(anonymous_6)","decl":{"start":{"line":43,"column":8},"end":{"line":43,"column":9}},"loc":{"start":{"line":43,"column":20},"end":{"line":45,"column":6}},"line":43},"7":{"name":"(anonymous_7)","decl":{"start":{"line":44,"column":34},"end":{"line":44,"column":35}},"loc":{"start":{"line":44,"column":45},"end":{"line":44,"column":60}},"line":44},"8":{"name":"(anonymous_8)","decl":{"start":{"line":48,"column":12},"end":{"line":48,"column":18}},"loc":{"start":{"line":48,"column":18},"end":{"line":50,"column":null}},"line":48}},"branchMap":{"0":{"loc":{"start":{"line":19,"column":15},"end":{"line":19,"column":null}},"type":"binary-expr","locations":[{"start":{"line":19,"column":15},"end":{"line":19,"column":27}},{"start":{"line":19,"column":27},"end":{"line":19,"column":null}}],"line":19},"1":{"loc":{"start":{"line":20,"column":21},"end":{"line":20,"column":null}},"type":"binary-expr","locations":[{"start":{"line":20,"column":21},"end":{"line":20,"column":39}},{"start":{"line":20,"column":39},"end":{"line":20,"column":null}}],"line":20},"2":{"loc":{"start":{"line":33,"column":4},"end":{"line":37,"column":null}},"type":"if","locations":[{"start":{"line":33,"column":4},"end":{"line":37,"column":null}},{"start":{},"end":{}}],"line":33}},"s":{"0":15,"1":14,"2":15,"3":15,"4":14,"5":14,"6":14,"7":14,"8":14,"9":14,"10":10,"11":2,"12":14,"13":3,"14":3,"15":4,"16":1},"f":{"0":14,"1":15,"2":14,"3":14,"4":2,"5":3,"6":3,"7":4,"8":1},"b":{"0":[14,14],"1":[14,9],"2":[10,4]},"meta":{"lastBranch":3,"lastFunction":9,"lastStatement":17,"seen":{"s:11:19:13:Infinity":0,"f:11:19:11:33":0,"s:12:2:12:Infinity":1,"s:15:13:51:Infinity":2,"f:15:62:15:63":1,"s:15:77:51:2":3,"f:18:12:18:13":2,"s:19:15:19:Infinity":4,"b:19:15:19:27:19:27:19:Infinity":0,"s:20:21:20:Infinity":5,"b:20:21:20:39:20:39:20:Infinity":1,"s:22:28:26:Infinity":6,"s:28:4:30:Infinity":7,"f:28:8:28:9":3,"s:28:20:30:6":8,"b:33:4:37:Infinity:undefined:undefined:undefined:undefined":2,"s:33:4:37:Infinity":9,"s:34:6:36:Infinity":10,"f:34:17:34:23":4,"s:35:8:35:Infinity":11,"s:39:4:39:Infinity":12,"f:42:15:42:16":5,"s:43:4:45:Infinity":13,"f:43:8:43:9":6,"s:43:20:45:6":14,"f:44:34:44:35":7,"s:44:45:44:60":15,"f:48:12:48:18":8,"s:49:4:49:Infinity":16}}}
,"/home/mattb/projects/dashboard_interface_project/src/stores/searchStore.ts": {"path":"/home/mattb/projects/dashboard_interface_project/src/stores/searchStore.ts","statementMap":{"0":{"start":{"line":38,"column":28},"end":{"line":38,"column":null}},"1":{"start":{"line":39,"column":20},"end":{"line":39,"column":null}},"2":{"start":{"line":42,"column":27},"end":{"line":49,"column":null}},"3":{"start":{"line":43,"column":2},"end":{"line":48,"column":null}},"4":{"start":{"line":44,"column":19},"end":{"line":44,"column":null}},"5":{"start":{"line":45,"column":4},"end":{"line":45,"column":null}},"6":{"start":{"line":47,"column":4},"end":{"line":47,"column":null}},"7":{"start":{"line":52,"column":27},"end":{"line":58,"column":null}},"8":{"start":{"line":53,"column":2},"end":{"line":57,"column":null}},"9":{"start":{"line":54,"column":4},"end":{"line":54,"column":null}},"10":{"start":{"line":60,"column":13},"end":{"line":94,"column":null}},"11":{"start":{"line":60,"column":65},"end":{"line":94,"column":2}},"12":{"start":{"line":66,"column":23},"end":{"line":66,"column":null}},"13":{"start":{"line":69,"column":20},"end":{"line":69,"column":null}},"14":{"start":{"line":70,"column":4},"end":{"line":70,"column":null}},"15":{"start":{"line":70,"column":18},"end":{"line":70,"column":null}},"16":{"start":{"line":72,"column":31},"end":{"line":72,"column":null}},"17":{"start":{"line":75,"column":21},"end":{"line":75,"column":null}},"18":{"start":{"line":75,"column":50},"end":{"line":75,"column":63}},"19":{"start":{"line":78,"column":20},"end":{"line":78,"column":null}},"20":{"start":{"line":80,"column":4},"end":{"line":80,"column":null}},"21":{"start":{"line":81,"column":4},"end":{"line":81,"column":null}},"22":{"start":{"line":85,"column":4},"end":{"line":85,"column":null}},"23":{"start":{"line":86,"column":4},"end":{"line":86,"column":null}},"24":{"start":{"line":89,"column":27},"end":{"line":89,"column":null}},"25":{"start":{"line":91,"column":20},"end":{"line":91,"column":null}},"26":{"start":{"line":91,"column":36},"end":{"line":91,"column":62}},"27":{"start":{"line":93,"column":21},"end":{"line":93,"column":null}}},"fnMap":{"0":{"name":"(anonymous_0)","decl":{"start":{"line":42,"column":27},"end":{"line":42,"column":43}},"loc":{"start":{"line":42,"column":43},"end":{"line":49,"column":null}},"line":42},"1":{"name":"(anonymous_1)","decl":{"start":{"line":52,"column":27},"end":{"line":52,"column":28}},"loc":{"start":{"line":52,"column":51},"end":{"line":58,"column":null}},"line":52},"2":{"name":"(anonymous_2)","decl":{"start":{"line":60,"column":50},"end":{"line":60,"column":51}},"loc":{"start":{"line":60,"column":65},"end":{"line":94,"column":2}},"line":60},"3":{"name":"(anonymous_3)","decl":{"start":{"line":66,"column":12},"end":{"line":66,"column":13}},"loc":{"start":{"line":66,"column":23},"end":{"line":66,"column":null}},"line":66},"4":{"name":"(anonymous_4)","decl":{"start":{"line":68,"column":19},"end":{"line":68,"column":20}},"loc":{"start":{"line":68,"column":30},"end":{"line":82,"column":null}},"line":68},"5":{"name":"(anonymous_5)","decl":{"start":{"line":75,"column":43},"end":{"line":75,"column":44}},"loc":{"start":{"line":75,"column":50},"end":{"line":75,"column":63}},"line":75},"6":{"name":"(anonymous_6)","decl":{"start":{"line":84,"column":23},"end":{"line":84,"column":29}},"loc":{"start":{"line":84,"column":29},"end":{"line":87,"column":null}},"line":84},"7":{"name":"(anonymous_7)","decl":{"start":{"line":89,"column":14},"end":{"line":89,"column":15}},"loc":{"start":{"line":89,"column":27},"end":{"line":89,"column":null}},"line":89},"8":{"name":"(anonymous_8)","decl":{"start":{"line":91,"column":14},"end":{"line":91,"column":20}},"loc":{"start":{"line":91,"column":20},"end":{"line":91,"column":null}},"line":91},"9":{"name":"(anonymous_9)","decl":{"start":{"line":91,"column":24},"end":{"line":91,"column":25}},"loc":{"start":{"line":91,"column":36},"end":{"line":91,"column":62}},"line":91},"10":{"name":"(anonymous_10)","decl":{"start":{"line":93,"column":11},"end":{"line":93,"column":12}},"loc":{"start":{"line":93,"column":21},"end":{"line":93,"column":null}},"line":93}},"branchMap":{"0":{"loc":{"start":{"line":45,"column":11},"end":{"line":45,"column":null}},"type":"cond-expr","locations":[{"start":{"line":45,"column":20},"end":{"line":45,"column":41}},{"start":{"line":45,"column":41},"end":{"line":45,"column":null}}],"line":45},"1":{"loc":{"start":{"line":70,"column":4},"end":{"line":70,"column":null}},"type":"if","locations":[{"start":{"line":70,"column":4},"end":{"line":70,"column":null}},{"start":{},"end":{}}],"line":70}},"s":{"0":1,"1":1,"2":1,"3":1,"4":1,"5":1,"6":1,"7":1,"8":19,"9":19,"10":1,"11":1,"12":3,"13":20,"14":20,"15":2,"16":18,"17":18,"18":69,"19":18,"20":18,"21":18,"22":1,"23":1,"24":3,"25":2,"26":2,"27":2},"f":{"0":1,"1":19,"2":1,"3":3,"4":20,"5":69,"6":1,"7":3,"8":2,"9":2,"10":2},"b":{"0":[0,0],"1":[2,18]},"meta":{"lastBranch":2,"lastFunction":11,"lastStatement":28,"seen":{"s:38:28:38:Infinity":0,"s:39:20:39:Infinity":1,"s:42:27:49:Infinity":2,"f:42:27:42:43":0,"s:43:2:48:Infinity":3,"s:44:19:44:Infinity":4,"s:45:4:45:Infinity":5,"b:45:20:45:41:45:41:45:Infinity":0,"s:47:4:47:Infinity":6,"s:52:27:58:Infinity":7,"f:52:27:52:28":1,"s:53:2:57:Infinity":8,"s:54:4:54:Infinity":9,"s:60:13:94:Infinity":10,"f:60:50:60:51":2,"s:60:65:94:2":11,"f:66:12:66:13":3,"s:66:23:66:Infinity":12,"f:68:19:68:20":4,"s:69:20:69:Infinity":13,"b:70:4:70:Infinity:undefined:undefined:undefined:undefined":1,"s:70:4:70:Infinity":14,"s:70:18:70:Infinity":15,"s:72:31:72:Infinity":16,"s:75:21:75:Infinity":17,"f:75:43:75:44":5,"s:75:50:75:63":18,"s:78:20:78:Infinity":19,"s:80:4:80:Infinity":20,"s:81:4:81:Infinity":21,"f:84:23:84:29":6,"s:85:4:85:Infinity":22,"s:86:4:86:Infinity":23,"f:89:14:89:15":7,"s:89:27:89:Infinity":24,"f:91:14:91:20":8,"s:91:20:91:Infinity":25,"f:91:24:91:25":9,"s:91:36:91:62":26,"f:93:11:93:12":10,"s:93:21:93:Infinity":27}}}
}
